<?xml version="1.0" encoding="UTF-8"?>
<testsuite xmlns:xsi="http://www.w3.org/2001/XMLSchema-instance" xsi:noNamespaceSchemaLocation="https://maven.apache.org/surefire/maven-surefire-plugin/xsd/surefire-test-report-3.0.xsd" version="3.0" name="flightapp.FlightServiceTest" time="80.96" tests="22" errors="0" skipped="0" failures="0">
  <properties>
[...]
</properties>
  <testcase name="runTest[0]" classname="flightapp.FlightServiceTest" time="3.277">
    <system-out><![CDATA[Running test setup...
... using dbconn.properties for test credentials
... resetting database (ie, dropping all tables with suffix: pricecs)
... running createTables.sql

Starting tests
Running test file: C:\Users\coolj\IdeaProjects\hw5\cases\no_transaction\book\book_basic.test.txt
]]></system-out>
  </testcase>
  <testcase name="runTest[1]" classname="flightapp.FlightServiceTest" time="2.906">
    <system-out><![CDATA[Running test file: C:\Users\coolj\IdeaProjects\hw5\cases\no_transaction\book\book_withoutLogIn.test.txt
]]></system-out>
  </testcase>
  <testcase name="runTest[2]" classname="flightapp.FlightServiceTest" time="2.052">
    <system-out><![CDATA[Running test file: C:\Users\coolj\IdeaProjects\hw5\cases\no_transaction\create\create_basic.test.txt
]]></system-out>
  </testcase>
  <testcase name="runTest[3]" classname="flightapp.FlightServiceTest" time="1.623">
    <system-out><![CDATA[Running test file: C:\Users\coolj\IdeaProjects\hw5\cases\no_transaction\create\create_negativeBalance.test.txt
]]></system-out>
  </testcase>
  <testcase name="runTest[4]" classname="flightapp.FlightServiceTest" time="2.849">
    <system-out><![CDATA[Running test file: C:\Users\coolj\IdeaProjects\hw5\cases\no_transaction\login\login_already.test.txt
]]></system-out>
  </testcase>
  <testcase name="runTest[5]" classname="flightapp.FlightServiceTest" time="2.862">
    <system-out><![CDATA[Running test file: C:\Users\coolj\IdeaProjects\hw5\cases\no_transaction\login\login_samePassword.test.txt
]]></system-out>
  </testcase>
  <testcase name="runTest[6]" classname="flightapp.FlightServiceTest" time="2.377">
    <system-out><![CDATA[Running test file: C:\Users\coolj\IdeaProjects\hw5\cases\no_transaction\login\login_single.test.txt
]]></system-out>
  </testcase>
  <testcase name="runTest[7]" classname="flightapp.FlightServiceTest" time="2.396">
    <system-out><![CDATA[Running test file: C:\Users\coolj\IdeaProjects\hw5\cases\no_transaction\login\login_success.test.txt
]]></system-out>
  </testcase>
  <testcase name="runTest[8]" classname="flightapp.FlightServiceTest" time="2.381">
    <system-out><![CDATA[Running test file: C:\Users\coolj\IdeaProjects\hw5\cases\no_transaction\login\login_wrongPassword.test.txt
]]></system-out>
  </testcase>
  <testcase name="runTest[9]" classname="flightapp.FlightServiceTest" time="4.322">
    <system-out><![CDATA[Running test file: C:\Users\coolj\IdeaProjects\hw5\cases\no_transaction\pay\pay_already.test.txt
]]></system-out>
  </testcase>
  <testcase name="runTest[10]" classname="flightapp.FlightServiceTest" time="4.064">
    <system-out><![CDATA[Running test file: C:\Users\coolj\IdeaProjects\hw5\cases\no_transaction\pay\pay_basic.test.txt
]]></system-out>
  </testcase>
  <testcase name="runTest[11]" classname="flightapp.FlightServiceTest" time="7.152">
    <system-out><![CDATA[Running test file: C:\Users\coolj\IdeaProjects\hw5\cases\no_transaction\pay\pay_indirectFlightsItinerary.test.txt
]]></system-out>
  </testcase>
  <testcase name="runTest[12]" classname="flightapp.FlightServiceTest" time="4.094">
    <system-out><![CDATA[Running test file: C:\Users\coolj\IdeaProjects\hw5\cases\no_transaction\pay\pay_insufficient.test.txt
]]></system-out>
  </testcase>
  <testcase name="runTest[13]" classname="flightapp.FlightServiceTest" time="4.073">
    <system-out><![CDATA[Running test file: C:\Users\coolj\IdeaProjects\hw5\cases\no_transaction\reservations\reservations_basic.test.txt
]]></system-out>
  </testcase>
  <testcase name="runTest[14]" classname="flightapp.FlightServiceTest" time="4.044">
    <system-out><![CDATA[Running test file: C:\Users\coolj\IdeaProjects\hw5\cases\no_transaction\reservations\reservations_same_day.test.txt
]]></system-out>
  </testcase>
  <testcase name="runTest[15]" classname="flightapp.FlightServiceTest" time="1.692">
    <system-out><![CDATA[Running test file: C:\Users\coolj\IdeaProjects\hw5\cases\no_transaction\reservations\reservations_userNotLoggedIn.test.txt
]]></system-out>
  </testcase>
  <testcase name="runTest[16]" classname="flightapp.FlightServiceTest" time="2.716">
    <system-out><![CDATA[Running test file: C:\Users\coolj\IdeaProjects\hw5\cases\no_transaction\search\search_basic.test.txt
]]></system-out>
  </testcase>
  <testcase name="runTest[17]" classname="flightapp.FlightServiceTest" time="9.582">
    <system-out><![CDATA[Running test file: C:\Users\coolj\IdeaProjects\hw5\cases\no_transaction\search\search_cityDoesNotExist.test.txt
]]></system-out>
  </testcase>
  <testcase name="runTest[18]" classname="flightapp.FlightServiceTest" time="3.294">
    <system-out><![CDATA[Running test file: C:\Users\coolj\IdeaProjects\hw5\cases\no_transaction\search\search_indirect.test.txt
]]></system-out>
  </testcase>
  <testcase name="runTest[19]" classname="flightapp.FlightServiceTest" time="2.67">
    <system-out><![CDATA[Running test file: C:\Users\coolj\IdeaProjects\hw5\cases\no_transaction\search\search_lessThanN.test.txt
]]></system-out>
  </testcase>
  <testcase name="runTest[20]" classname="flightapp.FlightServiceTest" time="5.484">
    <system-out><![CDATA[Running test file: C:\Users\coolj\IdeaProjects\hw5\cases\no_transaction\search\search_topk.test.txt
]]></system-out>
  </testcase>
  <testcase name="runTest[21]" classname="flightapp.FlightServiceTest" time="3.189">
    <system-out><![CDATA[Running test file: C:\Users\coolj\IdeaProjects\hw5\cases\no_transaction\search\search_topk_direct.test.txt
]]></system-out>
  </testcase>
</testsuite>